<?xml version="1.0" encoding="UTF-8"?>
<testsuite name="Tutorialninja Test"
           tests="2"
           failures="0"
           errors="0"
           skipped="0"
           time="23.420">
  <properties />
  
  
            <testcase name="verifyProductAddedToShoppingCartSuccessFully" time="16.764" classname="com.tutorialninja.testsuites.DesktopsPageTest" />
                <testcase name="verifyProductArrangeInAlphabeticalOrder" time="6.656" classname="com.tutorialninja.testsuites.DesktopsPageTest" />
      
</testsuite>
